2025-06-26T14:23:57+00:00 - POST input: {"user_id":1,"title":"lknaskna","description":"aknsdkna","deadline":"2025-06-30 21:00"}
2025-06-26T14:23:57+00:00 - SQL: INSERT INTO tasks (user_id, title, description, deadline, completed, created_at) VALUES (1, 'lknaskna', 'aknsdkna', '2025-06-30 21:00', 0, NOW())
2025-06-26T14:27:35+00:00 - POST input: {"user_id":1,"title":"asdasd","description":"asd","deadline":"2025-06-30 12:02"}
2025-06-26T14:27:35+00:00 - SQL: INSERT INTO tasks (user_id, title, description, deadline, completed, created_at) VALUES (1, 'asdasd', 'asd', '2025-06-30 12:02', 0, NOW())
2025-06-26T14:32:58+00:00 - POST input: {"user_id":1,"title":"asdasd","description":"asd","deadline":"2025-06-30 21:00"}
2025-06-26T14:32:58+00:00 - SQL: INSERT INTO tasks (user_id, title, description, deadline, completed, created_at) VALUES (1, 'asdasd', 'asd', '2025-06-30 21:00', 0, NOW())
2025-06-26T14:36:10+00:00 - POST input: {"user_id":1,"title":"asdad123","description":"","deadline":"2025-06-30 21:00"}
2025-06-26T14:36:10+00:00 - SQL: INSERT INTO tasks (user_id, title, description, deadline, completed, created_at) VALUES (1, 'asdad123', '', '2025-06-30 21:00', 0, NOW())
2025-06-26T15:23:07+00:00 - POST input: {"user_id":1,"title":"jomog","description":"lorem ipsu","deadline":"2025-06-27 21:34"}
2025-06-26T15:23:07+00:00 - SQL: INSERT INTO tasks (user_id, title, description, deadline, completed, created_at) VALUES (1, 'jomog', 'lorem ipsu', '2025-06-27 21:34', 0, NOW())
2025-06-26T15:24:07+00:00 - POST input: {"user_id":1,"title":"kdf","description":"","deadline":"2025-06-30 21:00"}
2025-06-26T15:24:07+00:00 - SQL: INSERT INTO tasks (user_id, title, description, deadline, completed, created_at) VALUES (1, 'kdf', '', '2025-06-30 21:00', 0, NOW())
2025-06-26T15:38:55+00:00 - POST input: {"user_id":1,"title":"nugh","description":"","deadline":null}
2025-06-26T15:38:55+00:00 - SQL: INSERT INTO tasks (user_id, title, description, deadline, completed, created_at) VALUES (1, 'nugh', '', NULL, 0, NOW())
2025-06-26T16:10:32+00:00 - POST input: {"user_id":1,"title":"deadline","description":"","deadline":"2025-06-24"}
2025-06-26T16:10:32+00:00 - SQL: INSERT INTO tasks (user_id, title, description, deadline, completed, created_at) VALUES (1, 'deadline', '', '2025-06-24', 0, NOW())
2025-06-26T16:11:18+00:00 - POST input: {"user_id":1,"title":"today","description":"","deadline":"2025-06-26"}
2025-06-26T16:11:18+00:00 - SQL: INSERT INTO tasks (user_id, title, description, deadline, completed, created_at) VALUES (1, 'today', '', '2025-06-26', 0, NOW())
2025-06-26T16:16:04+00:00 - POST input: {"user_id":1,"title":"vh","description":"nmjb","deadline":"2025-06-26 23:20"}
2025-06-26T16:16:04+00:00 - SQL: INSERT INTO tasks (user_id, title, description, deadline, completed, created_at) VALUES (1, 'vh', 'nmjb', '2025-06-26 23:20', 0, NOW())
2025-06-26T17:26:04+00:00 - POST input: {"user_id":1,"title":"QWE","description":"","deadline":"2025-06-24"}
2025-06-26T17:26:04+00:00 - SQL: INSERT INTO tasks (user_id, title, description, deadline, completed, created_at) VALUES (1, 'QWE', '', '2025-06-24', 0, NOW())

PUT DATA: Array
(
    [name] => KAKSD
    [coins] => 0
    [level] => 1
    [email] => demo@example.com
)

PUT DATA: Array
(
    [name] => KAKSD
    [coins] => 0
    [level] => 1
    [email] => demo@example.com
)

PUT DATA: Array
(
    [name] => aMBA
    [coins] => 0
    [xp] => 0
    [level] => 1
    [email] => demo@example.com
)

PUT DATA: Array
(
    [name] => aMBA
    [coins] => 0
    [xp] => 0
    [level] => 1
    [email] => demo@example.com
)

PUT DATA: Array
(
    [name] => Ganjar
    [coins] => 0
    [xp] => 0
    [level] => 1
    [email] => demo@example.com
)

PUT DATA: Array
(
    [name] => Ganjar
    [coins] => 0
    [xp] => 0
    [level] => 1
    [email] => demo@example.com
)
2025-06-27T01:56:14+07:00 - POST input: {"user_id":1,"title":"asd","description":"","deadline":"2025-06-28"}
2025-06-27T01:56:14+07:00 - SQL: INSERT INTO tasks (user_id, title, description, deadline, completed, created_at) VALUES (1, 'asd', '', '2025-06-28', 0, NOW())

PUT DATA: Array
(
    [name] => Ganjar
    [coins] => 15
    [xp] => 0
    [level] => 1
    [email] => demo@example.com
)
2025-06-27T01:58:21+07:00 - POST input: {"user_id":1,"title":"asd","description":"","deadline":"2025-06-27"}
2025-06-27T01:58:21+07:00 - SQL: INSERT INTO tasks (user_id, title, description, deadline, completed, created_at) VALUES (1, 'asd', '', '2025-06-27', 0, NOW())

PUT DATA: Array
(
    [name] => Ganjar
    [coins] => 30
    [xp] => 0
    [level] => 1
    [email] => demo@example.com
)
2025-06-27T02:00:05+07:00 - POST input: {"user_id":1,"title":"asd","description":"","deadline":"2025-06-27"}
2025-06-27T02:00:05+07:00 - SQL: INSERT INTO tasks (user_id, title, description, deadline, completed, created_at) VALUES (1, 'asd', '', '2025-06-27', 0, NOW())

PUT DATA: Array
(
    [name] => Ganjar
    [coins] => 45
    [exp] => 20
    [level] => 1
    [email] => demo@example.com
)
2025-06-27T02:00:35+07:00 - POST input: {"user_id":1,"title":"123","description":"","deadline":"2025-06-27"}
2025-06-27T02:00:35+07:00 - SQL: INSERT INTO tasks (user_id, title, description, deadline, completed, created_at) VALUES (1, '123', '', '2025-06-27', 0, NOW())

PUT DATA: Array
(
    [name] => Ganjar
    [coins] => 45
    [exp] => 20
    [level] => 1
    [email] => demo@example.com
)
2025-06-27T02:12:17+07:00 - POST input: {"user_id":1,"title":"asd","description":"","deadline":"2025-06-27"}
2025-06-27T02:12:17+07:00 - SQL: INSERT INTO tasks (user_id, title, description, deadline, completed, created_at) VALUES (1, 'asd', '', '2025-06-27', 0, NOW())

PUT DATA: Array
(
    [name] => Ganjar
    [coins] => 45
    [xp] => 20
    [level] => 1
    [email] => demo@example.com
)
2025-06-27T02:13:17+07:00 - POST input: {"user_id":1,"title":"as","description":"","deadline":"2025-01-03"}
2025-06-27T02:13:17+07:00 - SQL: INSERT INTO tasks (user_id, title, description, deadline, completed, created_at) VALUES (1, 'as', '', '2025-01-03', 0, NOW())
2025-06-27T02:13:48+07:00 - POST input: {"user_id":1,"title":"jnsjdjba","description":"aksbdj","deadline":"2025-06-30"}
2025-06-27T02:13:48+07:00 - SQL: INSERT INTO tasks (user_id, title, description, deadline, completed, created_at) VALUES (1, 'jnsjdjba', 'aksbdj', '2025-06-30', 0, NOW())

PUT DATA: Array
(
    [name] => Ganjar
    [coins] => 60
    [xp] => 40
    [level] => 1
    [email] => demo@example.com
)
2025-06-27T02:50:11+07:00 - POST input: {"user_id":1,"title":"ASD","description":"","deadline":"2025-06-27"}
2025-06-27T02:50:11+07:00 - SQL: INSERT INTO tasks (user_id, title, description, deadline, completed, created_at) VALUES (1, 'ASD', '', '2025-06-27', 0, NOW())
